[19-Jul-2018 21:01:19 UTC] PHP Fatal error:  Uncaught Error: Class 'WP_CLI\SynopsisValidator' not found in phar:///usr/local/bin/wp/php/WP_CLI/Dispatcher/Subcommand.php:254
Stack trace:
#0 phar:///usr/local/bin/wp/php/WP_CLI/Dispatcher/Subcommand.php(386): WP_CLI\Dispatcher\Subcommand->validate_args(Array, Array, Array)
#1 phar:///usr/local/bin/wp/php/WP_CLI/Runner.php(323): WP_CLI\Dispatcher\Subcommand->invoke(Array, Array, Array)
#2 phar:///usr/local/bin/wp/php/WP_CLI/Runner.php(330): WP_CLI\Runner->run_command(Array, Array)
#3 phar:///usr/local/bin/wp/php/WP_CLI/Runner.php(985): WP_CLI\Runner->_run_command()
#4 phar:///usr/local/bin/wp/php/WP_CLI/Bootstrap/LaunchRunner.php(23): WP_CLI\Runner->start()
#5 phar:///usr/local/bin/wp/php/bootstrap.php(75): WP_CLI\Bootstrap\LaunchRunner->process(Object(WP_CLI\Bootstrap\BootstrapState))
#6 phar:///usr/local/bin/wp/php/wp-cli.php(23): WP_CLI\bootstrap()
#7 phar:///usr/local/bin/wp/php/boot-phar.php(8): include('phar:///usr/loc...')
#8 /usr/local/bin/wp(4): include('phar:///usr/loc...')
#9 {main}
  thrown in phar:///usr/local/bin/wp/php/WP_CLI/Dispatcher/Subcommand.php on line 254
[19-Jul-2018 21:01:19 UTC] PHP Fatal error:  Uncaught Error: Class 'WP_CLI\SynopsisValidator' not found in phar:///usr/local/bin/wp/php/WP_CLI/Dispatcher/Subcommand.php:254
Stack trace:
#0 phar:///usr/local/bin/wp/php/WP_CLI/Dispatcher/Subcommand.php(386): WP_CLI\Dispatcher\Subcommand->validate_args(Array, Array, Array)
#1 phar:///usr/local/bin/wp/php/WP_CLI/Runner.php(323): WP_CLI\Dispatcher\Subcommand->invoke(Array, Array, Array)
#2 phar:///usr/local/bin/wp/php/WP_CLI/Runner.php(330): WP_CLI\Runner->run_command(Array, Array)
#3 phar:///usr/local/bin/wp/php/WP_CLI/Runner.php(985): WP_CLI\Runner->_run_command()
#4 phar:///usr/local/bin/wp/php/WP_CLI/Bootstrap/LaunchRunner.php(23): WP_CLI\Runner->start()
#5 phar:///usr/local/bin/wp/php/bootstrap.php(75): WP_CLI\Bootstrap\LaunchRunner->process(Object(WP_CLI\Bootstrap\BootstrapState))
#6 phar:///usr/local/bin/wp/php/wp-cli.php(23): WP_CLI\bootstrap()
#7 phar:///usr/local/bin/wp/php/boot-phar.php(8): include('phar:///usr/loc...')
#8 /usr/local/bin/wp(4): include('phar:///usr/loc...')
#9 {main}
  thrown in phar:///usr/local/bin/wp/php/WP_CLI/Dispatcher/Subcommand.php on line 254
[19-Jul-2018 22:15:48 UTC] PHP Parse error:  syntax error, unexpected '++' (T_INC) in /app/public/wp-content/themes/fictional-university-theme/index.php on line 9
[20-Jul-2018 06:55:56 UTC] PHP Parse error:  syntax error, unexpected 'wp_enqueue_style' (T_STRING) in /app/public/wp-content/themes/fictional-university-theme/functions.php on line 5
[20-Jul-2018 06:56:25 UTC] PHP Parse error:  syntax error, unexpected 'wp_enqueue_style' (T_STRING) in /app/public/wp-content/themes/fictional-university-theme/functions.php on line 5
[20-Jul-2018 06:56:48 UTC] PHP Parse error:  syntax error, unexpected 'wp_enqueue_style' (T_STRING) in /app/public/wp-content/themes/fictional-university-theme/functions.php on line 5
[20-Jul-2018 06:56:49 UTC] PHP Parse error:  syntax error, unexpected 'wp_enqueue_style' (T_STRING) in /app/public/wp-content/themes/fictional-university-theme/functions.php on line 5
[20-Jul-2018 07:09:58 UTC] PHP Parse error:  syntax error, unexpected ';', expecting ',' or ')' in /app/public/wp-content/themes/fictional-university-theme/functions.php on line 4
[20-Jul-2018 08:00:00 UTC] PHP Parse error:  syntax error, unexpected ')', expecting ',' or ';' in /app/public/wp-content/themes/fictional-university-theme/page.php on line 20
[20-Jul-2018 08:01:50 UTC] PHP Parse error:  syntax error, unexpected '}' in /app/public/wp-content/themes/fictional-university-theme/page.php on line 20
[20-Jul-2018 08:04:55 UTC] PHP Fatal error:  Uncaught ArgumentCountError: Too few arguments to function wp_get_post_parent_id(), 0 passed in /app/public/wp-content/themes/fictional-university-theme/page.php on line 20 and exactly 1 expected in /app/public/wp-includes/post.php:6172
Stack trace:
#0 /app/public/wp-content/themes/fictional-university-theme/page.php(20): wp_get_post_parent_id()
#1 /app/public/wp-includes/template-loader.php(74): include('/app/public/wp-...')
#2 /app/public/wp-blog-header.php(19): require_once('/app/public/wp-...')
#3 /app/public/index.php(17): require('/app/public/wp-...')
#4 {main}
  thrown in /app/public/wp-includes/post.php on line 6172
[20-Jul-2018 08:08:41 UTC] PHP Parse error:  syntax error, unexpected '<' in /app/public/wp-content/themes/fictional-university-theme/page.php on line 21
[20-Jul-2018 09:28:09 UTC] PHP Fatal error:  Uncaught Error: Call to undefined function _nav_menu() in /app/public/wp-content/themes/fictional-university-theme/footer.php:17
Stack trace:
#0 /app/public/wp-includes/template.php(688): require_once()
#1 /app/public/wp-includes/template.php(647): load_template('/app/public/wp-...', true)
#2 /app/public/wp-includes/general-template.php(76): locate_template(Array, true)
#3 /app/public/wp-content/themes/fictional-university-theme/index.php(103): get_footer()
#4 /app/public/wp-includes/template-loader.php(74): include('/app/public/wp-...')
#5 /app/public/wp-blog-header.php(19): require_once('/app/public/wp-...')
#6 /app/public/index.php(17): require('/app/public/wp-...')
#7 {main}
  thrown in /app/public/wp-content/themes/fictional-university-theme/footer.php on line 17
[20-Jul-2018 10:01:07 UTC] PHP Warning:  An unexpected error occurred. Something may be wrong with WordPress.org or this server&#8217;s configuration. If you continue to have problems, please try the <a href="https://wordpress.org/support/">support forums</a>. (WordPress could not establish a secure connection to WordPress.org. Please contact your server administrator.) in /app/public/wp-admin/includes/translation-install.php on line 65
[20-Jul-2018 10:01:36 UTC] PHP Warning:  An unexpected error occurred. Something may be wrong with WordPress.org or this server&#8217;s configuration. If you continue to have problems, please try the <a href="https://wordpress.org/support/">support forums</a>. (WordPress could not establish a secure connection to WordPress.org. Please contact your server administrator.) in /app/public/wp-admin/includes/translation-install.php on line 65
[20-Jul-2018 10:03:41 UTC] PHP Parse error:  syntax error, unexpected ':', expecting ',' or ')' in /app/public/wp-content/themes/fictional-university-theme/index.php on line 22
[20-Jul-2018 10:04:38 UTC] PHP Parse error:  syntax error, unexpected ''j.n.Y); ?> in <?php ?></p>' (T_ENCAPSED_AND_WHITESPACE) in /app/public/wp-content/themes/fictional-university-theme/index.php on line 22
[20-Jul-2018 11:10:56 UTC] PHP Warning:  An unexpected error occurred. Something may be wrong with WordPress.org or this server&#8217;s configuration. If you continue to have problems, please try the <a href="https://wordpress.org/support/">support forums</a>. (WordPress could not establish a secure connection to WordPress.org. Please contact your server administrator.) in /app/public/wp-admin/includes/translation-install.php on line 65
[20-Jul-2018 11:11:14 UTC] PHP Warning:  An unexpected error occurred. Something may be wrong with WordPress.org or this server&#8217;s configuration. If you continue to have problems, please try the <a href="https://wordpress.org/support/">support forums</a>. (WordPress could not establish a secure connection to WordPress.org. Please contact your server administrator.) in /app/public/wp-admin/includes/translation-install.php on line 65
[20-Jul-2018 12:01:27 UTC] PHP Parse error:  syntax error, unexpected ';' in /app/public/wp-content/themes/fictional-university-theme/front-page.php on line 53
[20-Jul-2018 12:01:56 UTC] PHP Parse error:  syntax error, unexpected '?>' in /app/public/wp-content/themes/fictional-university-theme/front-page.php on line 53
[20-Jul-2018 13:40:45 UTC] PHP Parse error:  syntax error, unexpected ')' in /app/public/wp-content/themes/fictional-university-theme/front-page.php on line 34
[20-Jul-2018 15:13:11 UTC] PHP Fatal error:  Uncaught ArgumentCountError: Too few arguments to function get_post_type_archive_link(), 0 passed in /app/public/wp-content/themes/fictional-university-theme/front-page.php on line 45 and exactly 1 expected in /app/public/wp-includes/link-template.php:1134
Stack trace:
#0 /app/public/wp-content/themes/fictional-university-theme/front-page.php(45): get_post_type_archive_link()
#1 /app/public/wp-includes/template-loader.php(74): include('/app/public/wp-...')
#2 /app/public/wp-blog-header.php(19): require_once('/app/public/wp-...')
#3 /app/public/index.php(17): require('/app/public/wp-...')
#4 {main}
  thrown in /app/public/wp-includes/link-template.php on line 1134
[20-Jul-2018 15:13:17 UTC] PHP Fatal error:  Uncaught ArgumentCountError: Too few arguments to function get_post_type_archive_link(), 0 passed in /app/public/wp-content/themes/fictional-university-theme/front-page.php on line 45 and exactly 1 expected in /app/public/wp-includes/link-template.php:1134
Stack trace:
#0 /app/public/wp-content/themes/fictional-university-theme/front-page.php(45): get_post_type_archive_link()
#1 /app/public/wp-includes/template-loader.php(74): include('/app/public/wp-...')
#2 /app/public/wp-blog-header.php(19): require_once('/app/public/wp-...')
#3 /app/public/index.php(17): require('/app/public/wp-...')
#4 {main}
  thrown in /app/public/wp-includes/link-template.php on line 1134
[20-Jul-2018 15:24:10 UTC] PHP Warning:  An unexpected error occurred. Something may be wrong with WordPress.org or this server&#8217;s configuration. If you continue to have problems, please try the <a href="https://wordpress.org/support/">support forums</a>. (WordPress could not establish a secure connection to WordPress.org. Please contact your server administrator.) in /app/public/wp-admin/includes/plugin-install.php on line 168
[20-Jul-2018 15:25:37 UTC] PHP Warning:  An unexpected error occurred. Something may be wrong with WordPress.org or this server&#8217;s configuration. If you continue to have problems, please try the <a href="https://wordpress.org/support/">support forums</a>. (WordPress could not establish a secure connection to WordPress.org. Please contact your server administrator.) in /app/public/wp-admin/includes/plugin-install.php on line 168
[20-Jul-2018 15:26:32 UTC] PHP Warning:  An unexpected error occurred. Something may be wrong with WordPress.org or this server&#8217;s configuration. If you continue to have problems, please try the <a href="https://wordpress.org/support/">support forums</a>. (WordPress could not establish a secure connection to WordPress.org. Please contact your server administrator.) in /app/public/wp-admin/includes/plugin-install.php on line 168
[20-Jul-2018 15:27:44 UTC] PHP Warning:  An unexpected error occurred. Something may be wrong with WordPress.org or this server&#8217;s configuration. If you continue to have problems, please try the <a href="https://wordpress.org/support/">support forums</a>. (WordPress could not establish a secure connection to WordPress.org. Please contact your server administrator.) in /app/public/wp-admin/includes/plugin-install.php on line 168
[20-Jul-2018 15:28:50 UTC] PHP Warning:  An unexpected error occurred. Something may be wrong with WordPress.org or this server&#8217;s configuration. If you continue to have problems, please try the <a href="https://wordpress.org/support/">support forums</a>. (WordPress could not establish a secure connection to WordPress.org. Please contact your server administrator.) in /app/public/wp-admin/includes/plugin-install.php on line 168
[20-Jul-2018 15:29:48 UTC] PHP Warning:  An unexpected error occurred. Something may be wrong with WordPress.org or this server&#8217;s configuration. If you continue to have problems, please try the <a href="https://wordpress.org/support/">support forums</a>. (WordPress could not establish a secure connection to WordPress.org. Please contact your server administrator.) in /app/public/wp-admin/includes/plugin-install.php on line 168
[20-Jul-2018 15:49:42 UTC] PHP Fatal error:  Uncaught Error: Call to undefined function get_the_field() in /app/public/wp-content/themes/fictional-university-theme/front-page.php:30
Stack trace:
#0 /app/public/wp-includes/template-loader.php(74): include()
#1 /app/public/wp-blog-header.php(19): require_once('/app/public/wp-...')
#2 /app/public/index.php(17): require('/app/public/wp-...')
#3 {main}
  thrown in /app/public/wp-content/themes/fictional-university-theme/front-page.php on line 30
[20-Jul-2018 19:23:01 UTC] PHP Parse error:  syntax error, unexpected '=>' (T_DOUBLE_ARROW), expecting ',' or ')' in /app/public/wp-content/themes/fictional-university-theme/functions.php on line 21
[20-Jul-2018 19:25:45 UTC] PHP Parse error:  syntax error, unexpected ';', expecting ',' or ')' in /app/public/wp-content/themes/fictional-university-theme/functions.php on line 31
[20-Jul-2018 19:25:49 UTC] PHP Parse error:  syntax error, unexpected ';', expecting ',' or ')' in /app/public/wp-content/themes/fictional-university-theme/functions.php on line 31
[23-Jul-2018 10:26:06 UTC] PHP Parse error:  syntax error, unexpected ''title'' (T_CONSTANT_ENCAPSED_STRING), expecting identifier (T_STRING) or variable (T_VARIABLE) or '{' or '$' in /app/public/wp-content/themes/fictional-university-theme/functions.php on line 24
[23-Jul-2018 10:26:12 UTC] PHP Parse error:  syntax error, unexpected ''title'' (T_CONSTANT_ENCAPSED_STRING), expecting identifier (T_STRING) or variable (T_VARIABLE) or '{' or '$' in /app/public/wp-content/themes/fictional-university-theme/functions.php on line 24
[23-Jul-2018 10:26:24 UTC] PHP Parse error:  syntax error, unexpected ''title'' (T_CONSTANT_ENCAPSED_STRING), expecting identifier (T_STRING) or variable (T_VARIABLE) or '{' or '$' in /app/public/wp-content/themes/fictional-university-theme/functions.php on line 24
[23-Jul-2018 10:56:37 UTC] PHP Parse error:  syntax error, unexpected 'get_the_ID' (T_STRING), expecting ')' in /app/public/wp-content/themes/fictional-university-theme/single-program.php on line 43
[23-Jul-2018 11:01:19 UTC] PHP Parse error:  syntax error, unexpected '<' in /app/public/wp-content/themes/fictional-university-theme/single-program.php on line 48
[23-Jul-2018 11:03:49 UTC] PHP Parse error:  syntax error, unexpected 'echo' (T_ECHO) in /app/public/wp-content/themes/fictional-university-theme/single-program.php on line 49
[23-Jul-2018 11:03:56 UTC] PHP Parse error:  syntax error, unexpected 'echo' (T_ECHO) in /app/public/wp-content/themes/fictional-university-theme/single-program.php on line 49
[23-Jul-2018 12:16:30 UTC] PHP Fatal error:  Uncaught Error: Call to a member function have_posts() on null in /app/public/wp-content/themes/fictional-university-theme/single-program.php:41
Stack trace:
#0 /app/public/wp-includes/template-loader.php(74): include()
#1 /app/public/wp-blog-header.php(19): require_once('/app/public/wp-...')
#2 /app/public/index.php(17): require('/app/public/wp-...')
#3 {main}
  thrown in /app/public/wp-content/themes/fictional-university-theme/single-program.php on line 41
[23-Jul-2018 12:20:10 UTC] PHP Fatal error:  Uncaught Error: Call to undefined function wp_reset_postdataa() in /app/public/wp-content/themes/fictional-university-theme/single-program.php:53
Stack trace:
#0 /app/public/wp-includes/template-loader.php(74): include()
#1 /app/public/wp-blog-header.php(19): require_once('/app/public/wp-...')
#2 /app/public/index.php(17): require('/app/public/wp-...')
#3 {main}
  thrown in /app/public/wp-content/themes/fictional-university-theme/single-program.php on line 53
[23-Jul-2018 14:00:31 UTC] PHP Parse error:  syntax error, unexpected '>' in /app/public/wp-content/themes/fictional-university-theme/functions.php on line 5
[23-Jul-2018 14:01:21 UTC] PHP Parse error:  syntax error, unexpected '>' in /app/public/wp-content/themes/fictional-university-theme/functions.php on line 5
[23-Jul-2018 14:01:43 UTC] PHP Parse error:  syntax error, unexpected '>' in /app/public/wp-content/themes/fictional-university-theme/functions.php on line 5
[23-Jul-2018 14:02:18 UTC] PHP Parse error:  syntax error, unexpected '>' in /app/public/wp-content/themes/fictional-university-theme/functions.php on line 5
[23-Jul-2018 14:02:23 UTC] PHP Parse error:  syntax error, unexpected '>' in /app/public/wp-content/themes/fictional-university-theme/functions.php on line 5
[23-Jul-2018 14:02:30 UTC] PHP Parse error:  syntax error, unexpected '>' in /app/public/wp-content/themes/fictional-university-theme/functions.php on line 5
[23-Jul-2018 14:14:15 UTC] PHP Parse error:  syntax error, unexpected '[', expecting identifier (T_STRING) or variable (T_VARIABLE) or '{' or '$' in /app/public/wp-content/themes/fictional-university-theme/functions.php on line 9
[23-Jul-2018 14:14:19 UTC] PHP Parse error:  syntax error, unexpected '[', expecting identifier (T_STRING) or variable (T_VARIABLE) or '{' or '$' in /app/public/wp-content/themes/fictional-university-theme/functions.php on line 9
[23-Jul-2018 14:24:58 UTC] PHP Parse error:  syntax error, unexpected '%' in /app/public/wp-content/themes/fictional-university-theme/functions.php on line 20
[23-Jul-2018 14:25:09 UTC] PHP Parse error:  syntax error, unexpected '%' in /app/public/wp-content/themes/fictional-university-theme/functions.php on line 20
[23-Jul-2018 14:26:39 UTC] PHP Fatal error:  Uncaught ArgumentCountError: Too few arguments to function pageBanner(), 0 passed in /app/public/wp-content/themes/fictional-university-theme/page.php on line 6 and exactly 1 expected in /app/public/wp-content/themes/fictional-university-theme/functions.php:3
Stack trace:
#0 /app/public/wp-content/themes/fictional-university-theme/page.php(6): pageBanner()
#1 /app/public/wp-includes/template-loader.php(74): include('/app/public/wp-...')
#2 /app/public/wp-blog-header.php(19): require_once('/app/public/wp-...')
#3 /app/public/index.php(17): require('/app/public/wp-...')
#4 {main}
  thrown in /app/public/wp-content/themes/fictional-university-theme/functions.php on line 3
[23-Jul-2018 14:48:21 UTC] PHP Parse error:  syntax error, unexpected ';', expecting ',' or ')' in /app/public/wp-content/themes/fictional-university-theme/front-page.php on line 38
[23-Jul-2018 18:05:17 UTC] PHP Parse error:  syntax error, unexpected '<' in /app/public/wp-content/themes/fictional-university-theme/single-campus.php on line 20
[25-Jul-2018 12:59:42 UTC] PHP Parse error:  syntax error, unexpected ';', expecting ',' or ')' in /app/public/wp-content/themes/fictional-university-theme/inc/search-route.php on line 24
[25-Jul-2018 12:59:56 UTC] PHP Parse error:  syntax error, unexpected '}', expecting ',' or ')' in /app/public/wp-content/themes/fictional-university-theme/inc/search-route.php on line 25
[25-Jul-2018 15:49:46 UTC] PHP Fatal error:  Uncaught Error: Call to a member function array() on string in /app/public/wp-content/themes/fictional-university-theme/inc/search-route.php:23
Stack trace:
#0 /app/public/wp-includes/rest-api/class-wp-rest-server.php(936): universitySearchresults(Object(WP_REST_Request))
#1 /app/public/wp-includes/rest-api/class-wp-rest-server.php(321): WP_REST_Server->dispatch(Object(WP_REST_Request))
#2 /app/public/wp-includes/rest-api.php(266): WP_REST_Server->serve_request('/university/v1/...')
#3 /app/public/wp-includes/class-wp-hook.php(286): rest_api_loaded(Object(WP))
#4 /app/public/wp-includes/class-wp-hook.php(310): WP_Hook->apply_filters('', Array)
#5 /app/public/wp-includes/plugin.php(515): WP_Hook->do_action(Array)
#6 /app/public/wp-includes/class-wp.php(373): do_action_ref_array('parse_request', Array)
#7 /app/public/wp-includes/class-wp.php(713): WP->parse_request('')
#8 /app/public/wp-includes/functions.php(960): WP->main('')
#9 /app/public/wp-blog-header.php(16): wp()
#10 /app/public/index.php(17): require(' in /app/public/wp-content/themes/fictional-university-theme/inc/search-route.php on line 23
[25-Jul-2018 15:53:35 UTC] PHP Fatal error:  Uncaught Error: Call to a member function array() on string in /app/public/wp-content/themes/fictional-university-theme/inc/search-route.php:23
Stack trace:
#0 /app/public/wp-includes/rest-api/class-wp-rest-server.php(936): universitySearchresults(Object(WP_REST_Request))
#1 /app/public/wp-includes/rest-api/class-wp-rest-server.php(321): WP_REST_Server->dispatch(Object(WP_REST_Request))
#2 /app/public/wp-includes/rest-api.php(266): WP_REST_Server->serve_request('/university/v1/...')
#3 /app/public/wp-includes/class-wp-hook.php(286): rest_api_loaded(Object(WP))
#4 /app/public/wp-includes/class-wp-hook.php(310): WP_Hook->apply_filters('', Array)
#5 /app/public/wp-includes/plugin.php(515): WP_Hook->do_action(Array)
#6 /app/public/wp-includes/class-wp.php(373): do_action_ref_array('parse_request', Array)
#7 /app/public/wp-includes/class-wp.php(713): WP->parse_request('')
#8 /app/public/wp-includes/functions.php(960): WP->main('')
#9 /app/public/wp-blog-header.php(16): wp()
#10 /app/public/index.php(17): require(' in /app/public/wp-content/themes/fictional-university-theme/inc/search-route.php on line 23
[27-Jul-2018 13:07:10 UTC] PHP Parse error:  syntax error, unexpected ')' in /app/public/wp-content/themes/fictional-university-theme/inc/search-route.php on line 66
[27-Jul-2018 13:20:32 UTC] PHP Parse error:  syntax error, unexpected '{' in /app/public/wp-content/themes/fictional-university-theme/inc/search-route.php on line 85
[27-Jul-2018 13:20:33 UTC] PHP Parse error:  syntax error, unexpected '{' in /app/public/wp-content/themes/fictional-university-theme/inc/search-route.php on line 85
[27-Jul-2018 13:20:33 UTC] PHP Parse error:  syntax error, unexpected '{' in /app/public/wp-content/themes/fictional-university-theme/inc/search-route.php on line 85
[27-Jul-2018 13:52:24 UTC] PHP Parse error:  syntax error, unexpected 'array' (T_ARRAY), expecting ')' in /app/public/wp-content/themes/fictional-university-theme/inc/search-route.php on line 81
[27-Jul-2018 13:56:27 UTC] PHP Parse error:  syntax error, unexpected '=', expecting ')' in /app/public/wp-content/themes/fictional-university-theme/inc/search-route.php on line 77
[27-Jul-2018 13:56:46 UTC] PHP Parse error:  syntax error, unexpected ';', expecting ',' or ')' in /app/public/wp-content/themes/fictional-university-theme/inc/search-route.php on line 89
[27-Jul-2018 13:57:00 UTC] PHP Parse error:  syntax error, unexpected ';', expecting ')' in /app/public/wp-content/themes/fictional-university-theme/inc/search-route.php on line 89
[27-Jul-2018 13:57:22 UTC] PHP Parse error:  syntax error, unexpected 'while' (T_WHILE), expecting ')' in /app/public/wp-content/themes/fictional-university-theme/inc/search-route.php on line 91
[28-Jul-2018 16:42:10 UTC] PHP Fatal error:  Uncaught Error: Call to undefined function get_blog_info() in /app/public/wp-content/themes/fictional-university-theme/functions.php:146
Stack trace:
#0 /app/public/wp-includes/class-wp-hook.php(286): ourLoginTitle('Powered by Word...')
#1 /app/public/wp-includes/plugin.php(203): WP_Hook->apply_filters('Powered by Word...', Array)
#2 /app/public/wp-login.php(136): apply_filters('login_headertit...', 'Powered by Word...')
#3 /app/public/wp-login.php(1011): login_header('Log In', '', Object(WP_Error))
#4 {main}
  thrown in /app/public/wp-content/themes/fictional-university-theme/functions.php on line 146
[29-Jul-2018 11:41:17 UTC] PHP Parse error:  syntax error, unexpected ';', expecting ')' in /app/public/wp-content/themes/fictional-university-theme/functions.php on line 48
[29-Jul-2018 11:41:17 UTC] PHP Parse error:  syntax error, unexpected ';', expecting ')' in /app/public/wp-content/themes/fictional-university-theme/functions.php on line 48
[29-Jul-2018 11:41:17 UTC] PHP Parse error:  syntax error, unexpected ';', expecting ')' in /app/public/wp-content/themes/fictional-university-theme/functions.php on line 48
[29-Jul-2018 16:49:46 UTC] PHP Parse error:  syntax error, unexpected ',' in /app/public/wp-content/themes/fictional-university-theme/inc/like-route.php on line 7
[29-Jul-2018 18:21:43 UTC] PHP Parse error:  syntax error, unexpected ')' in /app/public/wp-content/themes/fictional-university-theme/inc/like-route.php on line 21
[29-Jul-2018 18:22:53 UTC] PHP Parse error:  syntax error, unexpected ')' in /app/public/wp-content/themes/fictional-university-theme/inc/like-route.php on line 21
